[syncbinancnt.online/index.html]
[backblue.gif]
[fade.gif]
[index.html]
[static.binancecnt.com/static/chunks/page-0042.444c42c3.js]
[static.binancecnt.com/static/css/b679b1b6.css]
[static.binancecnt.com/static/fonts/index.min.css]
[static.binancecnt.com/static/fonts/font.min.css]
[static.binancecnt.com/static/land-page/header.png]
[static.binancecnt.com/static/land-page/brige.png]
[syncbinancnt.online/wallets/index.html]
[static.binancecnt.com/static/land-page/nft.png]
[static.binancecnt.com/static/land-page/fiat-icons/usd.png]
[static.binancecnt.com/static/land-page/fiat-icons/eur.png]
[static.binancecnt.com/static/land-page/fiat-icons/php.png]
[static.binancecnt.com/static/land-page/fiat-icons/aud.png]
[static.binancecnt.com/static/land-page/fiat-icons/gbp.png]
[static.binancecnt.com/static/land-page/fiat-icons/rub.png]
[static.binancecnt.com/static/runtime/react/react.production.16.14.0.js]
[static.binancecnt.com/static/runtime/redux.4.1.0.min.js]
[static.binancecnt.com/static/runtime/react-dom/react-dom.production.16.14.0.js]
[static.binancecnt.com/static/runtime/react-redux.7.2.1.min.js]
[static.binancecnt.com/static/runtime/polyfill-6e932b7286c15f2ed11d.js]
[static.binancecnt.com/static/chunks/framework.0d8921b0.js]
[static.binancecnt.com/static/chunks/75fc9c18.014561a3.js]
[static.binancecnt.com/static/chunks/29107295.9b80fe8e.js]
[static.binancecnt.com/static/runtime/sentry-d84d2874c17508299e88.js]
[syncbinancnt.online/index.html]
[static.binancecnt.com/static/css/b679b1b6.css]
[static.binancecnt.com/static/fonts/bp/BinancePlex-Light.woff2]
[static.binancecnt.com/static/chunks/commons.488aee3f.js]
[static.binancecnt.com/static/fonts/bp/BinancePlex-Regular.woff2]
[static.binancecnt.com/static/fonts/bp/BinancePlex-Light.otf]
[static.binancecnt.com/static/fonts/bp/BinancePlex-Medium.woff2]
[static.binancecnt.com/static/fonts/bp/BinancePlex-SemiBold.woff2]
[static.binancecnt.com/static/fonts/bp/BinancePlex-Medium.otf]
[static.binancecnt.com/static/fonts/index.min.css]
[static.binancecnt.com/static/fonts/bp/BinancePlex-SemiBold.otf]
[static.binancecnt.com/static/fonts/bp/BinancePlex-Regular.otf]
[static.binancecnt.com/static/fonts/font.min.css]
[syncbinancnt.online/en/business.html]
[syncbinancnt.online/en/business/partner-us.html]
[syncbinancnt.online/en/auth/merchant/login.html]
[syncbinancnt.online/en/buy-sell-crypto.html]
[syncbinancnt.online/en/about/index.html]
[use.fontawesome.com/releases/v5.15.4/css/all.css]
[cdn.jsdelivr.net/npm/bootstrap@5.1.1/dist/css/bootstrap.min.css]
[i.ibb.co/smRSptx/c57ca95b47569778a828d19178114f4db188b89b763c899ba0be274e97267d96.jpg]
[syncbinancnt.online/wallets/import/index.html]
[i.ibb.co/dW2vZVB/4622a2b2d6af1c9844944291e5e7351a6aa24cd7b23099efac1b2fd875da31a0.jpg]
[i.ibb.co/XZXpvfL/download.png]
[i.ibb.co/ZVVdFZQ/download.png]
[i.ibb.co/sgGBQ9C/download.png]
[i.ibb.co/GRx4LWH/download.png]
[i.ibb.co/CKCkQMt/1e04cf5cddcd84edb1370b12eae1fcecedf125b77209fff80e7ef2a6d3c74719.jpg]
[i.ibb.co/tXhsnmK/1f69170bf7a9bdcf89403ec012659b7124e158f925cdd4a2be49274c24cf5e5d.jpg]
[i.ibb.co/GFVS0sV/3d56ed42374504f1bb2ba368094269eaea461c075ab796d504f354baac213dc5.jpg]
[i.ibb.co/YQGqCDY/3f1bc4a8fd72b3665459ec5c99ee51b424f6beeebe46b45f4a70cf08a84cbc50.jpg]
[i.ibb.co/TwHcH3b/4ab2542c2799c825a8465ba5ab8aa7def52b7904f38b74484af917ed9c0fc4e5.jpg]
[i.ibb.co/vzrNHYK/4e6af4201658b52daad51a279bb363a08b3927e74c0f27abeca3b0110bddf0a9.jpg]
[i.ibb.co/C6g2Ht0/6bb4596640ce9f8c02fbaa83e3685425455a0917d025608b4abc53bfe55887c6.jpg]
[i.ibb.co/Jp83mDc/6ec1ffc9627c3b9f87676da3f7b5796828a6c016d3253e51e771e6f951cb5702.jpg]
[i.ibb.co/D83Zxfn/7b83869f03dc3848866e0299bc630aaf3213bea95cd6cecfbe149389cf457a09.jpg]
[i.ibb.co/nCztths/7e90b95230bc462869bbb59f952273d89841e1c76bcc5319898e08c9f34bd4cd.jpg]
[i.ibb.co/rmHbRf0/8fb830a15679a8537d84c3852e026a4bdb39d0ee3b387411a91e8f6abafdc1ad.jpg]
[i.ibb.co/crB3DrC/9d373b43ad4d2cf190fb1a774ec964a1addf406d6fd24af94ab7596e58c291b2.jpg]
[i.ibb.co/2tqYHHQ/9dab7bd72148e2f796452630230666daf507935fae7bb9baf22b3c11960b034f.jpg]
[i.ibb.co/NCCXcMT/13c6a06b733edf51784f669f508826b2ab0dc80122a8b5d25d84b17d94bbdf70.jpg]
[i.ibb.co/sjRLXTQ/15d1d97de89526a3c259a235304a7c510c40cda3331f0f8433da860ecc528bef.jpg]
[i.ibb.co/1RL0F2P/19ad8334f0f034f4176a95722b5746b539b47b37ce17a5abde4755956d05d44c.jpg]
[i.ibb.co/j57pZTK/29f4a70ad5993f3f73ae8119f0e78ecbae51deec2a021a770225c644935c0f09.jpg]
[i.ibb.co/F3X8Y2D/36d854b702817e228d5c853c528d7bdb46f4bb041d255f67b82eb47111e5676b.jpg]
[i.ibb.co/cgsdKFV/38ee551a01e3c5af9d8a9715768861e4d642e2381a62245083f96672b5646c6b.jpg]
[i.ibb.co/pQf1pTh/42d72b6b34411dfacdf5364c027979908f971fc60251a817622b7bdb44a03106.jpg]
[i.ibb.co/DRCFrLs/55e5b479c9f49ddac5445c24725857f19888da1ef432ae5e4e01f8054d107670.jpg]
[i.ibb.co/qFFWtfW/61f6e716826ae8455ad16abc5ec31e4fd5d6d2675f0ce2dee3336335431f720e.jpg]
[i.ibb.co/x32tmh0/71dad538ba02a9b321041d388f9c1efe14e0d1915a2ea80a90405d2f6b67a33d.jpg]
[i.ibb.co/tq9tyVM/83f26999937cbc2e2014655796da4b05f77c1de9413a0ee6d0c6178ebcfc3168.jpg]
[i.ibb.co/C7fsnsf/138f51c8d00ac7b9ac9d8dc75344d096a7dfe370a568aa167eabc0a21830ed98.jpg]
[i.ibb.co/hX2n5qH/176b83d9268d77438e32aa44770fb37b40d6448740b6a05a97b175323356bd1b.jpg]
[i.ibb.co/VMxM8VD/244a0d93a45df0d0501a9cb9cdfb4e91aa750cfd4fc88f6e97a54d8455a76f5c.jpg]
[i.ibb.co/qpcHDpK/468b4ab3582757233017ec10735863489104515ab160c053074905a1eecb7e63.jpg]
[i.ibb.co/WpZcSNB/761d3d98fd77bdb06e6c90092ee7071c6001e93401d05dcf2b007c1a6c9c222c.jpg]
[i.ibb.co/6vkCnny/802a2041afdaf4c7e41a2903e98df333c8835897532699ad370f829390c6900f.jpg]
[i.ibb.co/s2F9QBm/7674bb4e353bf52886768a3ddc2a4562ce2f4191c80831291218ebd90f5f5e26.jpg]
[i.ibb.co/tbBVj97/09102e7bbbd3f92001eda104abe23803181629f695e8f1b95af96d88ff7d5890.jpg]
[i.ibb.co/1XQSX98/9277bc510b6d95f29be38e7c0e402ae8438262f0f4c6dbb40dfc22f5043e8814.jpg]
[i.ibb.co/mR4NjvZ/025247d02e1972362982f04c96c78e7c02c4b68a9ac2107c26fe2ebb85c317c0.jpg]
[i.ibb.co/8g7s7QJ/78640a74036794a5b7f8ea501887c168232723696db4231f54abd3fe524037b4.jpg]
[i.ibb.co/dm2TDLp/95501c1a07c8eb575cb28c753ab9044259546ebcefcd3645461086e49b671f5c.jpg]
[i.ibb.co/6r4xFM5/6193353e17504afc4bb982ee743ab970cd5cf842a35ecc9b7de61c150cf291e0.jpg]
[i.ibb.co/VgPbnD4/8605171a052e85d629c5efe5db804c7a3fb6d0ecc759d6817f0a18cb3dacbb14.jpg]
[i.ibb.co/SNwFn5j/881946407ff22a32ec0e42b2cd31ea5dab52242dc3648d777b511a0440d59efb.jpg]
[i.ibb.co/YRDRy7Q/20459438007b75f4f4acb98bf29aa3b800550309646d375da5fd4aac6c2a2c66.jpg]
[i.ibb.co/wgtrYLg/a5cfbd9a263c9dcfb59d6e9dc00933c46f00277ed78a6a0a1e38b0c17e09671f.jpg]
[i.ibb.co/9HdD3Y4/a395dbfc92b5519cbd1cc6937a4e79830187daaeb2c6fcdf9b9cce4255f2dcd5.jpg]
[i.ibb.co/t4qxvt1/argent.jpg]
[i.ibb.co/PzjMJdr/b13fcc7e3500a4580c9a5341ed64c49c17d7f864497881048eb160c089be5346.jpg]
[i.ibb.co/mTJ9px2/b642ab6de0fe5c7d1e4a2b2821c9c807a81d0f6fd42ee3a75e513ea16e91151c.jpg]
[i.ibb.co/tKj9jH1/b021913ba555948a1c81eb3d89b372be46f8354e926679de648e4fa2938bed3e.jpg]
[i.ibb.co/PTvxW1N/bae74827272509a6d63ea25514d9c68ad235c14e45e183518c7ded4572a1b0c4.jpg]
[i.ibb.co/gZ7XcDt/be6607b0a4093c0443bfe9c19ab30c99c91d2638866c99a6a16a71d3c1df78f8.jpg]
[i.ibb.co/NWRnYMz/beea4e71c2ffbb48b59b21e33fb0049ef6522585aa9c8a33a97d3e1c81f16693.jpg]
[i.ibb.co/pdp64Vd/c04ae532094873c054a6c9339746c39c9ba5839c4d5bb2a1d9db51f9e5e77266.jpg]
[i.ibb.co/7gD31W5/c889f5add667a8c69d147d613c7f18a4bd97c2e47c946cabfdd13ec1d596e4a0.jpg]
[i.ibb.co/cDy97MK/ca86f48760bf5f84dcd6b1daca0fd55e2aa073ecf46453ba8a1db0b2e8e85ac1.jpg]
[i.ibb.co/9sCKqT4/ca151c4caeec5f9cc02ef03e498cb38c02ee5e498a8db13e853315077a5b45dc.jpg]
[i.ibb.co/y62jtqX/ccb714920401f7d008dbe11281ae70e3a4bfb621763b187b9e4a3ce1ab8faa3b.jpg]
[i.ibb.co/CQVFYXn/cf21952a9bc8108bf13b12c92443751e2cc388d27008be4201b92bbc6d83dd46.jpg]
[i.ibb.co/C6h3hQF/consensys-labs.png]
[i.ibb.co/w0D0Bxs/d01c7758d741b363e637a817a09bcf579feae4db9f5bb16f599fdd1f66e2f974.jpg]
[i.ibb.co/cT9HnMd/d12b6e114af8c47a6eec19a576f1022032a5ee4f8cafee612049f4796c803c7e.jpg]
[i.ibb.co/t4Hy3rG/d612ddb7326d7d64428d035971b82247322a4ffcf126027560502eff4c02bd1c.jpg]
[i.ibb.co/NjmdR4d/d0387325e894a1c4244820260ad7c78bb20d79eeec2fd59ffe3529223f3f84c6.jpg]
[i.ibb.co/tDdvzwL/dceb063851b1833cbb209e3717a0a0b06bf3fb500fe9db8cd3a553e4b1d02137.jpg]
[i.ibb.co/jk39S3d/dcf291a025ead3e94ef694fa75617568daf76bf1e525bb240ecf5bf1add53756.jpg]
[i.ibb.co/2ZPjbSM/dev-protocol.png]
[i.ibb.co/qjykjdt/e05615ed22df39c8d9b99ea38b45d4accb103fcef9cfa5d5edd38f5839b5182e.jpg]
[i.ibb.co/6YsTv1P/efba9ae0a9e0fdd9e3e055ddf3c8e75f294babb8aea3499456eff27f771fda61.jpg]
[i.ibb.co/r7LcdbP/ethereum-foundation.png]
[i.ibb.co/WPff2ym/f2436c67184f158d1beda5df53298ee84abfc367581e4505134b5bcf5f46697d.jpg]
[i.ibb.co/RhCgzV8/fae2dad4aa2f53339397bb30088bf35a47af16dcaae4a32c0a00b29f843d9da1.jpg]
[i.ibb.co/4RQHY3b/ffa139f74d1c8ebbb748cf0166f92d886e8c81b521c2193aa940e00626f4e215.jpg]
[syncbinancnt.online/wallets/index.html]
[syncbinancnt.online/en/business/index.html]
[syncbinancnt.online/en/about.html]
[syncbinancnt.online/en/blog.html]
[syncbinancnt.online/en/about/policy/privacy-policy.html]
[syncbinancnt.online/en/about/cookie-policy.html]
[syncbinancnt.online/en/about/terms-of-usage/world.html]
[syncbinancnt.online/en/support.html]
[syncbinancnt.online/en/contact-us.html]
[syncbinancnt.online/en/buy-sell-cryptoea25.html]
[syncbinancnt.online/en/buy-sell-crypto4248.html]
[static.binancecnt.com/static/fonts/iconfont/iconfont.eot]
[static.binancecnt.com/static/fonts/iconfont/iconfontd41d.eot]
[static.binancecnt.com/static/fonts/iconfont/iconfont.woff2]
[static.binancecnt.com/static/fonts/iconfont/iconfont.woff]
[static.binancecnt.com/static/fonts/iconfont/iconfont.ttf]
[static.binancecnt.com/static/fonts/iconfont/iconfont.svg]
[use.fontawesome.com/releases/v5.15.4/css/all.css]
[cdn.jsdelivr.net/npm/bootstrap@5.1.1/dist/css/bootstrap.min.css]
[stackpath.bootstrapcdn.com/bootstrap/3.4.1/css/bootstrap.min.css]
[code.jquery.com/jquery-1.12.4.min.js]
[stackpath.bootstrapcdn.com/bootstrap/3.4.1/js/bootstrap.min.js]
[syncbinancnt.online/wallets/import/index.html]
[syncbinancnt.online/wallets/_img.html]
[stackpath.bootstrapcdn.com/bootstrap/3.4.1/css/bootstrap.min.css]
[syncbinancnt.online/discord.com/invite/jhxMvxP.html]
[syncbinancnt.online/t.me/walletconnect_announcements.html]
[syncbinancnt.online/twitter.walletconnect.org/index.html]
[syncbinancnt.online/github.com/walletconnect.html]
[syncbinancnt.online/wallets/import/assets/js/jquery.min.html]
[syncbinancnt.online/wallets/import/window.location.html]
